app/build/intermediates/manifest_merge_blame_file/debug/manifest-merger-blame-debug-report.txt
1<?xml version="1.0" encoding="utf-8"?>
2<manifest xmlns:android="http://schemas.android.com/apk/res/android"
3    package="com.example.insekar"
4    android:versionCode="1"
5    android:versionName="1.0" >
6
7    <uses-sdk
8        android:minSdkVersion="26"
8-->src\main\AndroidManifest.xml
9        android:targetSdkVersion="30" />
9-->src\main\AndroidManifest.xml
10
11    <!--
12         The ACCESS_COARSE/FINE_LOCATION permissions are not required to use
13         Google Maps Android API v2, but you must specify either coarse or fine
14         location permissions for the "MyLocation" functionality.
15    -->
16    <uses-permission android:name="android.permission.ACCESS_FINE_LOCATION" />
16-->src\main\AndroidManifest.xml:10:5-79
16-->src\main\AndroidManifest.xml:10:22-76
17    <uses-permission android:name="android.permission.ACCESS_COARSE_LOCATION" />
17-->src\main\AndroidManifest.xml:11:5-80
17-->src\main\AndroidManifest.xml:11:22-78
18    <uses-permission android:name="android.permission.INTERNET" />
18-->src\main\AndroidManifest.xml:12:5-67
18-->src\main\AndroidManifest.xml:12:22-64
19
20    <permission
20-->src\main\AndroidManifest.xml:13:5-111
21        android:name="your_pakage_name.permission.MAPS_RECEIVE"
21-->src\main\AndroidManifest.xml:13:17-72
22        android:protectionLevel="signature" />
22-->src\main\AndroidManifest.xml:13:73-108
23
24    <!-- Include required permissions for Google Maps API to run. -->
25    <uses-permission android:name="android.permission.ACCESS_NETWORK_STATE" />
25-->[com.google.android.gms:play-services-maps:17.0.0] AndroidManifest.xml:23:5-79
25-->[com.google.android.gms:play-services-maps:17.0.0] AndroidManifest.xml:23:22-76
26
27    <uses-feature
27-->[com.google.android.gms:play-services-maps:17.0.0] AndroidManifest.xml:26:5-28:35
28        android:glEsVersion="0x00020000"
28-->[com.google.android.gms:play-services-maps:17.0.0] AndroidManifest.xml:27:9-41
29        android:required="true" />
29-->[com.google.android.gms:play-services-maps:17.0.0] AndroidManifest.xml:28:9-32
30
31    <application
31-->src\main\AndroidManifest.xml:15:5-52:19
32        android:allowBackup="true"
32-->src\main\AndroidManifest.xml:16:9-35
33        android:appComponentFactory="androidx.core.app.CoreComponentFactory"
33-->[androidx.core:core:1.3.1] AndroidManifest.xml:24:18-86
34        android:debuggable="true"
35        android:extractNativeLibs="false"
36        android:icon="@mipmap/ic_launcher"
36-->src\main\AndroidManifest.xml:17:9-43
37        android:label="@string/app_name"
37-->src\main\AndroidManifest.xml:18:9-41
38        android:roundIcon="@mipmap/ic_launcher_round"
38-->src\main\AndroidManifest.xml:19:9-54
39        android:supportsRtl="true"
39-->src\main\AndroidManifest.xml:20:9-35
40        android:testOnly="true"
41        android:theme="@style/AppTheme"
41-->src\main\AndroidManifest.xml:21:9-40
42        android:usesCleartextTraffic="true" >
42-->src\main\AndroidManifest.xml:22:9-44
43
44        <!--
45             The API key for Google Maps-based APIs is defined as a string resource.
46             (See the file "res/values/google_maps_api.xml").
47             Note that the API key is linked to the encryption key used to sign the APK.
48             You need a different API key for each encryption key, including the release key that is used to
49             sign the APK for publishing.
50             You can define the keys for the debug and release targets in src/debug/ and src/release/.
51        -->
52        <meta-data
52-->src\main\AndroidManifest.xml:32:9-34:55
53            android:name="com.google.android.geo.API_KEY"
53-->src\main\AndroidManifest.xml:33:13-58
54            android:value="@string/google_maps_key" />
54-->src\main\AndroidManifest.xml:34:13-52
55
56        <activity
56-->src\main\AndroidManifest.xml:36:9-38:70
57            android:name="com.example.insekar.Lokasi"
57-->src\main\AndroidManifest.xml:37:13-35
58            android:label="@string/title_activity_lokasi" />
58-->src\main\AndroidManifest.xml:38:13-58
59        <activity android:name="com.example.insekar.MainActivity" />
59-->src\main\AndroidManifest.xml:39:9-50
59-->src\main\AndroidManifest.xml:39:19-47
60        <activity android:name="com.example.insekar.TesMata" />
60-->src\main\AndroidManifest.xml:40:9-45
60-->src\main\AndroidManifest.xml:40:19-42
61        <activity android:name="com.example.insekar.Info" />
61-->src\main\AndroidManifest.xml:41:9-42
61-->src\main\AndroidManifest.xml:41:19-39
62        <activity android:name="com.example.insekar.Antrian" />
62-->src\main\AndroidManifest.xml:42:9-45
62-->src\main\AndroidManifest.xml:42:19-42
63        <activity android:name="com.example.insekar.Pendaftaran" />
63-->src\main\AndroidManifest.xml:43:9-49
63-->src\main\AndroidManifest.xml:43:19-46
64        <activity android:name="com.example.insekar.Puskesmas" />
64-->src\main\AndroidManifest.xml:44:9-47
64-->src\main\AndroidManifest.xml:44:19-44
65        <activity android:name="com.example.insekar.MainActivity_splash" >
65-->src\main\AndroidManifest.xml:45:9-51:20
65-->src\main\AndroidManifest.xml:45:19-54
66            <intent-filter>
66-->src\main\AndroidManifest.xml:46:13-50:29
67                <action android:name="android.intent.action.MAIN" />
67-->src\main\AndroidManifest.xml:47:17-69
67-->src\main\AndroidManifest.xml:47:25-66
68
69                <category android:name="android.intent.category.LAUNCHER" />
69-->src\main\AndroidManifest.xml:49:17-77
69-->src\main\AndroidManifest.xml:49:27-74
70            </intent-filter>
71        </activity>
72        <!-- Needs to be explicitly declared on P+ -->
73        <uses-library
73-->[com.google.android.gms:play-services-maps:17.0.0] AndroidManifest.xml:33:9-35:40
74            android:name="org.apache.http.legacy"
74-->[com.google.android.gms:play-services-maps:17.0.0] AndroidManifest.xml:34:13-50
75            android:required="false" />
75-->[com.google.android.gms:play-services-maps:17.0.0] AndroidManifest.xml:35:13-37
76
77        <activity
77-->[com.google.android.gms:play-services-base:17.0.0] AndroidManifest.xml:23:9-26:75
78            android:name="com.google.android.gms.common.api.GoogleApiActivity"
78-->[com.google.android.gms:play-services-base:17.0.0] AndroidManifest.xml:24:13-79
79            android:exported="false"
79-->[com.google.android.gms:play-services-base:17.0.0] AndroidManifest.xml:25:13-37
80            android:theme="@android:style/Theme.Translucent.NoTitleBar" />
80-->[com.google.android.gms:play-services-base:17.0.0] AndroidManifest.xml:26:13-72
81
82        <meta-data
82-->[com.google.android.gms:play-services-basement:17.0.0] AndroidManifest.xml:23:9-25:69
83            android:name="com.google.android.gms.version"
83-->[com.google.android.gms:play-services-basement:17.0.0] AndroidManifest.xml:24:13-58
84            android:value="@integer/google_play_services_version" />
84-->[com.google.android.gms:play-services-basement:17.0.0] AndroidManifest.xml:25:13-66
85
86        <provider
86-->[com.squareup.picasso:picasso:2.71828] AndroidManifest.xml:8:9-11:40
87            android:name="com.squareup.picasso.PicassoProvider"
87-->[com.squareup.picasso:picasso:2.71828] AndroidManifest.xml:9:13-64
88            android:authorities="com.example.insekar.com.squareup.picasso"
88-->[com.squareup.picasso:picasso:2.71828] AndroidManifest.xml:10:13-72
89            android:exported="false" />
89-->[com.squareup.picasso:picasso:2.71828] AndroidManifest.xml:11:13-37
90    </application>
91
92</manifest>